<?xml version="1.0" encoding="UTF-8"?>
<!-- Generated by org.testng.reporters.JUnitReportReporter -->
<testsuite hostname="LAPTOP-QR8LJ5ET" failures="0" tests="4" name="testNGProgramms.ParallelExecutionExample" time="18.989" errors="0" timestamp="2022-12-15T14:59:18 IST" skipped="0">
  <testcase classname="testNGProgramms.ParallelExecutionExample" name="amazoneSite" time="7.111"/>
  <system-out/>
  <testcase classname="testNGProgramms.ParallelExecutionExample" name="mavenSite" time="4.644"/>
  <system-out/>
  <testcase classname="testNGProgramms.ParallelExecutionExample" name="zerodaSite" time="4.375"/>
  <system-out/>
  <testcase classname="testNGProgramms.ParallelExecutionExample" name="testngSite" time="2.859"/>
  <system-out/>
</testsuite> <!-- testNGProgramms.ParallelExecutionExample -->
