<?xml version="1.0" encoding="UTF-8"?>
<!-- Generated by org.testng.reporters.JUnitReportReporter -->
<testsuite hostname="LAPTOP-QR8LJ5ET" failures="0" tests="1" name="com.framework.testcases.LoginFunctionality" time="6.532" errors="0" timestamp="2022-12-16T19:10:43 IST" skipped="0">
  <testcase classname="com.framework.testcases.LoginFunctionality" name="verifyValidLogin" time="6.532"/>
  <system-out/>
</testsuite> <!-- com.framework.testcases.LoginFunctionality -->
