<?xml version="1.0" encoding="UTF-8"?>
<!-- Generated by org.testng.reporters.JUnitReportReporter -->
<testsuite hostname="LAPTOP-QR8LJ5ET" failures="0" tests="3" name="testNGProgramms.GroupsIntestNgExamples" time="0.040" errors="0" timestamp="2022-12-15T20:28:59 IST" skipped="0">
  <testcase classname="testNGProgramms.GroupsIntestNgExamples" name="method5" time="0.013"/>
  <system-out>
    <![CDATA[Test case is passed-method5]]>
  </system-out>
  <testcase classname="testNGProgramms.GroupsIntestNgExamples" name="method1" time="0.013"/>
  <system-out>
    <![CDATA[Test case is passed-method1]]>
  </system-out>
  <testcase classname="testNGProgramms.GroupsIntestNgExamples" name="method4" time="0.014"/>
  <system-out>
    <![CDATA[passed----------
Test case is passed-method4]]>
  </system-out>
</testsuite> <!-- testNGProgramms.GroupsIntestNgExamples -->
