<?xml version="1.0" encoding="UTF-8"?>
<!-- Generated by org.testng.reporters.JUnitReportReporter -->
<testsuite hostname="LAPTOP-QR8LJ5ET" failures="0" tests="4" name="testNGProgramms.ParallelExucutionProgram" time="32.383" errors="0" timestamp="2022-12-15T22:22:57 IST" skipped="0">
  <testcase classname="testNGProgramms.ParallelExucutionProgram" name="testngSite" time="6.837"/>
  <system-out>
    <![CDATA[Test case is passed-testngSite]]>
  </system-out>
  <testcase classname="testNGProgramms.ParallelExucutionProgram" name="mavenSite" time="4.801"/>
  <system-out>
    <![CDATA[Test case is passed-mavenSite]]>
  </system-out>
  <testcase classname="testNGProgramms.ParallelExucutionProgram" name="amazoneSite" time="14.383"/>
  <system-out>
    <![CDATA[Test case is passed-amazoneSite]]>
  </system-out>
  <testcase classname="testNGProgramms.ParallelExucutionProgram" name="zerodaSite" time="6.362"/>
  <system-out>
    <![CDATA[Test case is passed-zerodaSite]]>
  </system-out>
</testsuite> <!-- testNGProgramms.ParallelExucutionProgram -->
