<?xml version="1.0" encoding="UTF-8"?>
<!-- Generated by org.testng.reporters.JUnitReportReporter -->
<testsuite hostname="LAPTOP-QR8LJ5ET" failures="0" tests="1" name="com.paramedutech.automation.selenium.TestNgAnnotations" time="11.395" errors="0" timestamp="2022-12-14T14:20:52 IST" skipped="0">
  <testcase classname="com.paramedutech.automation.selenium.TestNgAnnotations" name="verifyLogin" time="11.395"/>
  <system-out/>
</testsuite> <!-- com.paramedutech.automation.selenium.TestNgAnnotations -->
