<?xml version="1.0" encoding="UTF-8"?>
<!-- Generated by org.testng.reporters.JUnitReportReporter -->
<testsuite hostname="LAPTOP-QR8LJ5ET" failures="0" tests="1" name="testNGProgramms.TestNgAnnotations" time="12.450" errors="0" timestamp="2022-12-14T20:12:35 IST" skipped="0">
  <testcase classname="testNGProgramms.TestNgAnnotations" name="verifyLogin" time="12.450"/>
  <system-out/>
</testsuite> <!-- testNGProgramms.TestNgAnnotations -->
